[Client] Connecting to Server 192.168.100.28...
[Client] Connected. Waiting for configuration...
[Client] Configuration Received: {'client_id': 2, 'start_idx': 16666, 'end_idx': 33332, 'num_clients': 3}
[Client 2] Loading Dataset Subset: 16666 to 33332...

=== Round 1/20 ===
    Uploading local model...
    Waiting for global model...
    Global model loaded.
    Global Acc: 0.1000 | Train Time: 792.64s | CPU: 91.2%

=== Round 2/20 ===
    Uploading local model...
    Waiting for global model...
    Global model loaded.
    Global Acc: 0.4818 | Train Time: 793.95s | CPU: 86.0%

=== Round 3/20 ===
    Uploading local model...
    Waiting for global model...
    Global model loaded.
    Global Acc: 0.6762 | Train Time: 809.31s | CPU: 79.5%

=== Round 4/20 ===
    Uploading local model...
    Waiting for global model...
    Global model loaded.
    Global Acc: 0.7135 | Train Time: 796.64s | CPU: 81.0%

=== Round 5/20 ===
    Uploading local model...
    Waiting for global model...
    Global model loaded.
    Global Acc: 0.7729 | Train Time: 805.47s | CPU: 80.2%

=== Round 6/20 ===
    Uploading local model...
    Waiting for global model...
    Global model loaded.
    Global Acc: 0.7995 | Train Time: 793.39s | CPU: 81.1%

=== Round 7/20 ===
    Uploading local model...
    Waiting for global model...
    Global model loaded.
    Global Acc: 0.8156 | Train Time: 805.07s | CPU: 80.7%

=== Round 8/20 ===
    Uploading local model...
    Waiting for global model...
    Global model loaded.
    Global Acc: 0.8360 | Train Time: 807.66s | CPU: 81.8%

=== Round 9/20 ===
    Uploading local model...
    Waiting for global model...
    Global model loaded.
    Global Acc: 0.8405 | Train Time: 802.84s | CPU: 81.2%

=== Round 10/20 ===
    Uploading local model...
    Waiting for global model...
    Global model loaded.
    Global Acc: 0.8520 | Train Time: 796.61s | CPU: 80.4%

=== Round 11/20 ===
    Uploading local model...
    Waiting for global model...
    Global model loaded.
    Global Acc: 0.8641 | Train Time: 803.52s | CPU: 79.8%

=== Round 12/20 ===
    Uploading local model...
    Waiting for global model...
    Global model loaded.
    Global Acc: 0.8680 | Train Time: 802.17s | CPU: 80.8%

=== Round 13/20 ===
    Uploading local model...
    Waiting for global model...
    Global model loaded.
    Global Acc: 0.8800 | Train Time: 798.46s | CPU: 80.7%

=== Round 14/20 ===
    Uploading local model...
    Waiting for global model...
    Global model loaded.
    Global Acc: 0.8842 | Train Time: 797.21s | CPU: 80.3%

=== Round 15/20 ===
    Uploading local model...
    Waiting for global model...
    Global model loaded.
    Global Acc: 0.8841 | Train Time: 796.14s | CPU: 80.9%

=== Round 16/20 ===
    Uploading local model...
    Waiting for global model...
    Global model loaded.
    Global Acc: 0.8912 | Train Time: 804.34s | CPU: 79.3%

=== Round 17/20 ===
    Uploading local model...
    Waiting for global model...
    Global model loaded.
    Global Acc: 0.8928 | Train Time: 805.42s | CPU: 81.4%

=== Round 18/20 ===
    Uploading local model...
    Waiting for global model...
    Global model loaded.
    Global Acc: 0.8926 | Train Time: 813.14s | CPU: 80.4%

=== Round 19/20 ===
    Uploading local model...
    Waiting for global model...
    Global model loaded.
    Global Acc: 0.8928 | Train Time: 795.53s | CPU: 81.9%

=== Round 20/20 ===
    Uploading local model...
    Waiting for global model...
    Global model loaded.
    Global Acc: 0.8931 | Train Time: 799.90s | CPU: 80.5%
