[Client] Connecting to Server 192.168.100.28...
[Client] Connected. Waiting for configuration...
[Client] Configuration Received: {'client_id': 3, 'start_idx': 33332, 'end_idx': 49998, 'num_clients': 3}
[Client 3] Loading Dataset Subset: 33332 to 49998...

=== Round 1/20 ===
    Uploading local model...
    Waiting for global model...
    Global model loaded.
    Global Acc: 0.1000 | Train Time: 787.25s | CPU: 91.4%

=== Round 2/20 ===
    Uploading local model...
    Waiting for global model...
    Global model loaded.
    Global Acc: 0.4818 | Train Time: 795.90s | CPU: 85.9%

=== Round 3/20 ===
    Uploading local model...
    Waiting for global model...
    Global model loaded.
    Global Acc: 0.6762 | Train Time: 803.95s | CPU: 79.9%

=== Round 4/20 ===
    Uploading local model...
    Waiting for global model...
    Global model loaded.
    Global Acc: 0.7135 | Train Time: 797.47s | CPU: 80.3%

=== Round 5/20 ===
    Uploading local model...
    Waiting for global model...
    Global model loaded.
    Global Acc: 0.7729 | Train Time: 802.72s | CPU: 80.2%

=== Round 6/20 ===
    Uploading local model...
    Waiting for global model...
    Global model loaded.
    Global Acc: 0.7995 | Train Time: 792.14s | CPU: 80.6%

=== Round 7/20 ===
    Uploading local model...
    Waiting for global model...
    Global model loaded.
    Global Acc: 0.8156 | Train Time: 799.19s | CPU: 79.9%

=== Round 8/20 ===
    Uploading local model...
    Waiting for global model...
    Global model loaded.
    Global Acc: 0.8360 | Train Time: 802.83s | CPU: 80.5%

=== Round 9/20 ===
    Uploading local model...
    Waiting for global model...
    Global model loaded.
    Global Acc: 0.8405 | Train Time: 792.46s | CPU: 80.6%

=== Round 10/20 ===
    Uploading local model...
    Waiting for global model...
    Global model loaded.
    Global Acc: 0.8520 | Train Time: 792.17s | CPU: 79.6%

=== Round 11/20 ===
    Uploading local model...
    Waiting for global model...
    Global model loaded.
    Global Acc: 0.8641 | Train Time: 802.42s | CPU: 79.2%

=== Round 12/20 ===
    Uploading local model...
    Waiting for global model...
    Global model loaded.
    Global Acc: 0.8680 | Train Time: 802.58s | CPU: 80.8%

=== Round 13/20 ===
    Uploading local model...
    Waiting for global model...
    Global model loaded.
    Global Acc: 0.8800 | Train Time: 787.17s | CPU: 80.8%

=== Round 14/20 ===
    Uploading local model...
    Waiting for global model...
    Global model loaded.
    Global Acc: 0.8842 | Train Time: 796.70s | CPU: 79.2%

=== Round 15/20 ===
    Uploading local model...
    Waiting for global model...
    Global model loaded.
    Global Acc: 0.8841 | Train Time: 797.87s | CPU: 80.7%

=== Round 16/20 ===
    Uploading local model...
    Waiting for global model...
    Global model loaded.
    Global Acc: 0.8912 | Train Time: 798.07s | CPU: 80.0%

=== Round 17/20 ===
    Uploading local model...
    Waiting for global model...
    Global model loaded.
    Global Acc: 0.8928 | Train Time: 815.15s | CPU: 80.5%

=== Round 18/20 ===
    Uploading local model...
    Waiting for global model...
    Global model loaded.
    Global Acc: 0.8926 | Train Time: 803.83s | CPU: 81.2%

=== Round 19/20 ===
    Uploading local model...
    Waiting for global model...
    Global model loaded.
    Global Acc: 0.8928 | Train Time: 799.56s | CPU: 80.4%

=== Round 20/20 ===
    Uploading local model...
    Waiting for global model...
    Global model loaded.
    Global Acc: 0.8931 | Train Time: 797.77s | CPU: 81.0%
