[Client] Connecting to Server 192.168.100.25...
[Client] Connected. Waiting for configuration...
[Client] Configuration Received: {'client_id': 1, 'start_idx': 0, 'end_idx': 50000}
[Client 1] Loading Dataset Subset: 0 to 50000...

=== Round 1/20 ===
    Uploading local model...
    Waiting for global model...
    Global model loaded.
    Global Acc: 0.6425 | Train Time: 2101.46s | CPU: 94.8%

=== Round 2/20 ===
    Uploading local model...
    Waiting for global model...
    Global model loaded.
    Global Acc: 0.7756 | Train Time: 2126.34s | CPU: 94.7%

=== Round 3/20 ===
    Uploading local model...
    Waiting for global model...
    Global model loaded.
    Global Acc: 0.8197 | Train Time: 2104.04s | CPU: 94.9%

=== Round 4/20 ===
    Uploading local model...
    Waiting for global model...
    Global model loaded.
    Global Acc: 0.8261 | Train Time: 2115.61s | CPU: 94.8%

=== Round 5/20 ===
    Uploading local model...
    Waiting for global model...
    Global model loaded.
    Global Acc: 0.8526 | Train Time: 2123.02s | CPU: 94.8%

=== Round 6/20 ===
    Uploading local model...
    Waiting for global model...
    Global model loaded.
    Global Acc: 0.8506 | Train Time: 2118.76s | CPU: 94.9%

=== Round 7/20 ===
    Uploading local model...
    Waiting for global model...
    Global model loaded.
    Global Acc: 0.8650 | Train Time: 2119.17s | CPU: 94.9%

=== Round 8/20 ===
    Uploading local model...
    Waiting for global model...
    Global model loaded.
    Global Acc: 0.8812 | Train Time: 2093.79s | CPU: 95.1%

=== Round 9/20 ===
    Uploading local model...
    Waiting for global model...
    Global model loaded.
    Global Acc: 0.8858 | Train Time: 2100.97s | CPU: 95.0%

=== Round 10/20 ===
    Uploading local model...
    Waiting for global model...
    Global model loaded.
    Global Acc: 0.8934 | Train Time: 2086.59s | CPU: 95.3%

=== Round 11/20 ===
    Uploading local model...
    Waiting for global model...
    Global model loaded.
    Global Acc: 0.9038 | Train Time: 2097.77s | CPU: 95.2%

=== Round 12/20 ===
    Uploading local model...
    Waiting for global model...
    Global model loaded.
    Global Acc: 0.8961 | Train Time: 2094.10s | CPU: 95.1%

=== Round 13/20 ===
    Uploading local model...
    Waiting for global model...
    Global model loaded.
    Global Acc: 0.9039 | Train Time: 2073.14s | CPU: 95.4%

=== Round 14/20 ===
    Uploading local model...
    Waiting for global model...
    Global model loaded.
    Global Acc: 0.9084 | Train Time: 2087.54s | CPU: 95.3%

=== Round 15/20 ===
    Uploading local model...
    Waiting for global model...
    Global model loaded.
    Global Acc: 0.9119 | Train Time: 2079.81s | CPU: 95.3%

=== Round 16/20 ===
    Uploading local model...
    Waiting for global model...
    Global model loaded.
    Global Acc: 0.9130 | Train Time: 2078.45s | CPU: 95.4%

=== Round 17/20 ===
    Uploading local model...
    Waiting for global model...
    Global model loaded.
    Global Acc: 0.9146 | Train Time: 2086.82s | CPU: 95.3%

=== Round 18/20 ===
    Uploading local model...
    Waiting for global model...
    Global model loaded.
    Global Acc: 0.9141 | Train Time: 2079.08s | CPU: 95.3%

=== Round 19/20 ===
    Uploading local model...
    Waiting for global model...
    Global model loaded.
    Global Acc: 0.9163 | Train Time: 2111.73s | CPU: 95.0%

=== Round 20/20 ===
    Uploading local model...
    Waiting for global model...
    Global model loaded.
    Global Acc: 0.9158 | Train Time: 2084.42s | CPU: 95.3%
