[Client] Connecting to Server 192.168.100.28...
[Client] Connected. Waiting for configuration...
[Client] Configuration Received: {'client_id': 1, 'start_idx': 0, 'end_idx': 25000, 'num_clients': 2}
[Client 1] Loading Dataset Subset: 0 to 25000...

=== Round 1/20 ===
    Uploading local model...
    Waiting for global model...
    Global model loaded.
    Global Acc: 0.0990 | Train Time: 1123.27s | CPU: 92.3%

=== Round 2/20 ===
    Uploading local model...
    Waiting for global model...
    Global model loaded.
    Global Acc: 0.7000 | Train Time: 1094.82s | CPU: 93.2%

=== Round 3/20 ===
    Uploading local model...
    Waiting for global model...
    Global model loaded.
    Global Acc: 0.7816 | Train Time: 1088.73s | CPU: 92.5%

=== Round 4/20 ===
    Uploading local model...
    Waiting for global model...
    Global model loaded.
    Global Acc: 0.7992 | Train Time: 1104.54s | CPU: 91.6%

=== Round 5/20 ===
    Uploading local model...
    Waiting for global model...
    Global model loaded.
    Global Acc: 0.8195 | Train Time: 1108.66s | CPU: 92.8%

=== Round 6/20 ===
    Uploading local model...
    Waiting for global model...
    Global model loaded.
    Global Acc: 0.8476 | Train Time: 1108.45s | CPU: 93.0%

=== Round 7/20 ===
    Uploading local model...
    Waiting for global model...
    Global model loaded.
    Global Acc: 0.8562 | Train Time: 1109.12s | CPU: 93.1%

=== Round 8/20 ===
    Uploading local model...
    Waiting for global model...
    Global model loaded.
    Global Acc: 0.8578 | Train Time: 1110.92s | CPU: 92.9%

=== Round 9/20 ===
    Uploading local model...
    Waiting for global model...
    Global model loaded.
    Global Acc: 0.8655 | Train Time: 1105.85s | CPU: 93.0%

=== Round 10/20 ===
    Uploading local model...
    Waiting for global model...
    Global model loaded.
    Global Acc: 0.8802 | Train Time: 1104.30s | CPU: 93.1%

=== Round 11/20 ===
    Uploading local model...
    Waiting for global model...
    Global model loaded.
    Global Acc: 0.8848 | Train Time: 1115.03s | CPU: 93.0%

=== Round 12/20 ===
    Uploading local model...
    Waiting for global model...
    Global model loaded.
    Global Acc: 0.8905 | Train Time: 1105.90s | CPU: 93.0%

=== Round 13/20 ===
    Uploading local model...
    Waiting for global model...
    Global model loaded.
    Global Acc: 0.8936 | Train Time: 1096.26s | CPU: 93.3%

=== Round 14/20 ===
    Uploading local model...
    Waiting for global model...
    Global model loaded.
    Global Acc: 0.8981 | Train Time: 1115.53s | CPU: 91.5%

=== Round 15/20 ===
    Uploading local model...
    Waiting for global model...
    Global model loaded.
    Global Acc: 0.9003 | Train Time: 1117.56s | CPU: 92.9%

=== Round 16/20 ===
    Uploading local model...
    Waiting for global model...
    Global model loaded.
    Global Acc: 0.9038 | Train Time: 1090.96s | CPU: 93.3%

=== Round 17/20 ===
    Uploading local model...
    Waiting for global model...
    Global model loaded.
    Global Acc: 0.9042 | Train Time: 1113.77s | CPU: 92.5%

=== Round 18/20 ===
    Uploading local model...
    Waiting for global model...
    Global model loaded.
    Global Acc: 0.9049 | Train Time: 1098.37s | CPU: 93.2%

=== Round 19/20 ===
    Uploading local model...
    Waiting for global model...
    Global model loaded.
    Global Acc: 0.9049 | Train Time: 1097.29s | CPU: 92.4%

=== Round 20/20 ===
    Uploading local model...
    Waiting for global model...
    Global model loaded.
    Global Acc: 0.9058 | Train Time: 1101.75s | CPU: 93.2%
