[Client] Connecting to Server 192.168.100.28...
[Client] Connected. Waiting for configuration...
[Client] Configuration Received: {'client_id': 1, 'start_idx': 0, 'end_idx': 16666, 'num_clients': 3}
[Client 1] Loading Dataset Subset: 0 to 16666...

=== Round 1/20 ===
    Uploading local model...
    Waiting for global model...
    Global model loaded.
    Global Acc: 0.1000 | Train Time: 853.53s | CPU: 89.2%

=== Round 2/20 ===
    Uploading local model...
    Waiting for global model...
    Global model loaded.
    Global Acc: 0.4818 | Train Time: 914.25s | CPU: 88.4%

=== Round 3/20 ===
    Uploading local model...
    Waiting for global model...
    Global model loaded.
    Global Acc: 0.6762 | Train Time: 914.33s | CPU: 88.5%

=== Round 4/20 ===
    Uploading local model...
    Waiting for global model...
    Global model loaded.
    Global Acc: 0.7135 | Train Time: 910.48s | CPU: 88.6%

=== Round 5/20 ===
    Uploading local model...
    Waiting for global model...
    Global model loaded.
    Global Acc: 0.7729 | Train Time: 911.91s | CPU: 88.8%

=== Round 6/20 ===
    Uploading local model...
    Waiting for global model...
    Global model loaded.
    Global Acc: 0.7995 | Train Time: 909.26s | CPU: 88.8%

=== Round 7/20 ===
    Uploading local model...
    Waiting for global model...
    Global model loaded.
    Global Acc: 0.8156 | Train Time: 912.19s | CPU: 88.5%

=== Round 8/20 ===
    Uploading local model...
    Waiting for global model...
    Global model loaded.
    Global Acc: 0.8360 | Train Time: 916.55s | CPU: 88.6%

=== Round 9/20 ===
    Uploading local model...
    Waiting for global model...
    Global model loaded.
    Global Acc: 0.8405 | Train Time: 913.69s | CPU: 88.5%

=== Round 10/20 ===
    Uploading local model...
    Waiting for global model...
    Global model loaded.
    Global Acc: 0.8520 | Train Time: 916.12s | CPU: 88.5%

=== Round 11/20 ===
    Uploading local model...
    Waiting for global model...
    Global model loaded.
    Global Acc: 0.8641 | Train Time: 910.91s | CPU: 88.5%

=== Round 12/20 ===
    Uploading local model...
    Waiting for global model...
    Global model loaded.
    Global Acc: 0.8680 | Train Time: 916.29s | CPU: 88.6%

=== Round 13/20 ===
    Uploading local model...
    Waiting for global model...
    Global model loaded.
    Global Acc: 0.8800 | Train Time: 912.19s | CPU: 88.4%

=== Round 14/20 ===
    Uploading local model...
    Waiting for global model...
    Global model loaded.
    Global Acc: 0.8842 | Train Time: 908.90s | CPU: 88.5%

=== Round 15/20 ===
    Uploading local model...
    Waiting for global model...
    Global model loaded.
    Global Acc: 0.8841 | Train Time: 918.05s | CPU: 88.4%

=== Round 16/20 ===
    Uploading local model...
    Waiting for global model...
    Global model loaded.
    Global Acc: 0.8912 | Train Time: 905.13s | CPU: 88.8%

=== Round 17/20 ===
    Uploading local model...
    Waiting for global model...
    Global model loaded.
    Global Acc: 0.8928 | Train Time: 917.87s | CPU: 88.6%

=== Round 18/20 ===
    Uploading local model...
    Waiting for global model...
    Global model loaded.
    Global Acc: 0.8926 | Train Time: 917.08s | CPU: 88.5%

=== Round 19/20 ===
    Uploading local model...
    Waiting for global model...
    Global model loaded.
    Global Acc: 0.8928 | Train Time: 909.06s | CPU: 88.6%

=== Round 20/20 ===
    Uploading local model...
    Waiting for global model...
    Global model loaded.
    Global Acc: 0.8931 | Train Time: 904.83s | CPU: 88.6%
