[Client] Connecting to Server 192.168.100.28...
[Client] Connected. Waiting for configuration...
[Client] Configuration Received: {'client_id': 2, 'start_idx': 25000, 'end_idx': 50000, 'num_clients': 2}
[Client 2] Loading Dataset Subset: 25000 to 50000...

=== Round 1/20 ===
    Uploading local model...
    Waiting for global model...
    Global model loaded.
    Global Acc: 0.0990 | Train Time: 1092.08s | CPU: 93.4%

=== Round 2/20 ===
    Uploading local model...
    Waiting for global model...
    Global model loaded.
    Global Acc: 0.7000 | Train Time: 1107.63s | CPU: 91.7%

=== Round 3/20 ===
    Uploading local model...
    Waiting for global model...
    Global model loaded.
    Global Acc: 0.7816 | Train Time: 1107.29s | CPU: 93.6%

=== Round 4/20 ===
    Uploading local model...
    Waiting for global model...
    Global model loaded.
    Global Acc: 0.7992 | Train Time: 1111.14s | CPU: 93.4%

=== Round 5/20 ===
    Uploading local model...
    Waiting for global model...
    Global model loaded.
    Global Acc: 0.8195 | Train Time: 1102.99s | CPU: 93.6%

=== Round 6/20 ===
    Uploading local model...
    Waiting for global model...
    Global model loaded.
    Global Acc: 0.8476 | Train Time: 1103.62s | CPU: 93.2%

=== Round 7/20 ===
    Uploading local model...
    Waiting for global model...
    Global model loaded.
    Global Acc: 0.8562 | Train Time: 1093.12s | CPU: 93.4%

=== Round 8/20 ===
    Uploading local model...
    Waiting for global model...
    Global model loaded.
    Global Acc: 0.8578 | Train Time: 1105.91s | CPU: 92.2%

=== Round 9/20 ===
    Uploading local model...
    Waiting for global model...
    Global model loaded.
    Global Acc: 0.8655 | Train Time: 1103.76s | CPU: 93.0%

=== Round 10/20 ===
    Uploading local model...
    Waiting for global model...
    Global model loaded.
    Global Acc: 0.8802 | Train Time: 1102.55s | CPU: 93.2%

=== Round 11/20 ===
    Uploading local model...
    Waiting for global model...
    Global model loaded.
    Global Acc: 0.8848 | Train Time: 1101.39s | CPU: 93.3%

=== Round 12/20 ===
    Uploading local model...
    Waiting for global model...
    Global model loaded.
    Global Acc: 0.8905 | Train Time: 1102.78s | CPU: 92.5%

=== Round 13/20 ===
    Uploading local model...
    Waiting for global model...
    Global model loaded.
    Global Acc: 0.8936 | Train Time: 1114.47s | CPU: 93.0%

=== Round 14/20 ===
    Uploading local model...
    Waiting for global model...
    Global model loaded.
    Global Acc: 0.8981 | Train Time: 1100.03s | CPU: 93.6%

=== Round 15/20 ===
    Uploading local model...
    Waiting for global model...
    Global model loaded.
    Global Acc: 0.9003 | Train Time: 1101.21s | CPU: 92.2%

=== Round 16/20 ===
    Uploading local model...
    Waiting for global model...
    Global model loaded.
    Global Acc: 0.9038 | Train Time: 1097.67s | CPU: 92.5%

=== Round 17/20 ===
    Uploading local model...
    Waiting for global model...
    Global model loaded.
    Global Acc: 0.9042 | Train Time: 1084.05s | CPU: 94.0%

=== Round 18/20 ===
    Uploading local model...
    Waiting for global model...
    Global model loaded.
    Global Acc: 0.9049 | Train Time: 1110.59s | CPU: 90.8%

=== Round 19/20 ===
    Uploading local model...
    Waiting for global model...
    Global model loaded.
    Global Acc: 0.9049 | Train Time: 1087.73s | CPU: 93.8%

=== Round 20/20 ===
    Uploading local model...
    Waiting for global model...
    Global model loaded.
    Global Acc: 0.9058 | Train Time: 1108.43s | CPU: 92.6%
